<?xml version="1.0" encoding="UTF-8"?>
<testsuite xmlns:xsi="http://www.w3.org/2001/XMLSchema-instance" xsi:noNamespaceSchemaLocation="https://maven.apache.org/surefire/maven-surefire-plugin/xsd/surefire-test-report.xsd" name="TestSuite" time="13.255" tests="6" errors="0" skipped="4" failures="2">
  <properties>
[...]
</properties>
  <testcase name="launchBrowser" classname="Testcases.TC01PickDateTests" time="7.229">
    <failure message="java.lang.NoSuchMethodException: jdk.proxy2.$Proxy7.proxyClassLookup()" type="java.lang.RuntimeException">java.lang.RuntimeException: java.lang.NoSuchMethodException: jdk.proxy2.$Proxy7.proxyClassLookup()
	at Testcases.TC01PickDateTests.launchBrowser(TC01PickDateTests.java:22)
Caused by: java.lang.NoSuchMethodException: jdk.proxy2.$Proxy7.proxyClassLookup()
	at Testcases.TC01PickDateTests.launchBrowser(TC01PickDateTests.java:22)
</failure>
    <system-err><![CDATA[Nov 30, 2022 12:07:23 PM io.appium.java_client.remote.AppiumCommandExecutor$1 lambda$0
INFO: Detected dialect: W3C
]]></system-err>
  </testcase>
  <testcase name="changeDate" classname="Testcases.TC01PickDateTests" time="0">
    <skipped message="java.lang.NoSuchMethodException: jdk.proxy2.$Proxy7.proxyClassLookup()"/>
  </testcase>
  <testcase name="tearDown" classname="Testcases.TC01PickDateTests" time="0">
    <skipped/>
  </testcase>
  <testcase name="launchBrowser" classname="Testcases.TC02SendText" time="12.717">
    <failure message="java.lang.NoSuchMethodException: jdk.proxy2.$Proxy7.proxyClassLookup()" type="java.lang.RuntimeException">java.lang.RuntimeException: java.lang.NoSuchMethodException: jdk.proxy2.$Proxy7.proxyClassLookup()
	at Testcases.TC02SendText.launchBrowser(TC02SendText.java:23)
Caused by: java.lang.NoSuchMethodException: jdk.proxy2.$Proxy7.proxyClassLookup()
	at Testcases.TC02SendText.launchBrowser(TC02SendText.java:23)
</failure>
    <system-err><![CDATA[Nov 30, 2022 12:07:29 PM io.appium.java_client.remote.AppiumCommandExecutor$1 lambda$0
INFO: Detected dialect: W3C
]]></system-err>
  </testcase>
  <testcase name="sendTextsToDefault" classname="Testcases.TC02SendText" time="0">
    <skipped message="java.lang.NoSuchMethodException: jdk.proxy2.$Proxy7.proxyClassLookup()"/>
  </testcase>
  <testcase name="teardown" classname="Testcases.TC02SendText" time="0">
    <skipped/>
  </testcase>
</testsuite>