<?xml version="1.0" encoding="UTF-8"?>
<!-- Generated by org.testng.reporters.JUnitXMLReporter -->
<testsuite ignored="0" hostname="RFL348.local" failures="0" tests="3" name="/Users/janardhan/IntelliJProjects/AppiumTestcases" time="33.786" errors="0" timestamp="30 Nov 2022 07:02:31 GMT">
  <testcase classname="Testcases.TC02SendText" name="sendTextsToDefault" time="2.811"/>
  <testcase classname="Testcases.TC01PickDateTests" name="changeDate" time="6.585"/>
  <testcase classname="Testcases.TC01PickDateTests" name="changeTime" time="10.702"/>
</testsuite> <!-- /Users/janardhan/IntelliJProjects/AppiumTestcases -->
